kdeinit5: preparing to launch '/usr/lib/x86_64-linux-gnu/libexec/kf5/klauncher'
kdeinit5: Launched KLauncher, pid = 3438, result = 0
No backend specified through command line argument, trying auto resolution
kwin_xkbcommon: XKB: inet:334:58: unrecognized keysym "XF86EmojiPicker"
(WW) Option "-listen" for file descriptors is deprecated
Please use "-listenfd" instead.
(WW) Option "-listen" for file descriptors is deprecated
Please use "-listenfd" instead.
org.kde.bismuth: Initiating Bismuth: Plasma Tiling Window script!
org.kde.bismuth: arrange
org.kde.bismuth: arrangeScreen/finished,[object Object]
Connecting to deprecated signal QDBusConnectionInterface::serviceOwnerChanged(QString,QString,QString)
The XKEYBOARD keymap compiler (xkbcomp) reports:
> Warning:          Could not resolve keysym XF86EmojiPicker
Errors from xkbcomp are not fatal to the X server
kdeinit5: opened connection to :1
The XKEYBOARD keymap compiler (xkbcomp) reports:
> Warning:          Unsupported maximum keycode 708, clipping.
>                   X11 cannot support keycodes above 255.
Errors from xkbcomp are not fatal to the X server
Initializing  "/usr/lib/x86_64-linux-gnu/qt5/plugins/plasma/kcms/systemsettings/kcm_style.so"
org.kde.bismuth: Client added: KWin::LayerShellV1Client(0x55bad48138a0)
org.kde.bismuth: onWindowAdded,[object Object]
org.kde.bismuth: arrange
org.kde.bismuth: arrangeScreen/finished,[object Object]
org.kde.bismuth: Client is ok, can manage. Bind events now...
kdeinit5: Got SETENV 'GTK_RC_FILES=/etc/gtk/gtkrc:/home/oslander/.gtkrc:/home/oslander/.config/gtkrc' from launcher.
kdeinit5: Got SETENV 'GTK2_RC_FILES=/etc/gtk-2.0/gtkrc:/home/oslander/.gtkrc-2.0:/home/oslander/.config/gtkrc-2.0' from launcher.
QDBusConnection: error: could not send signal to service "" path "//home/oslander/.kde/share/config/kdeglobals" interface "org.kde.kconfig.notify" member "ConfigChanged": Invalid object path: //home/oslander/.kde/share/config/kdeglobals
Initializing  "/usr/lib/x86_64-linux-gnu/qt5/plugins/plasma/kcms/systemsettings/kcm_fonts.so"
Initializing  "/usr/lib/x86_64-linux-gnu/qt5/plugins/plasma/kcms/systemsettings/kcm_mouse.so"
org.kde.plasma.session: process job  "kcminit_startup" finished with exit code  0
Qt: Session management error: networkIdsList argument is NULL
kdeinit5: Got SETENV 'SESSION_MANAGER=local/latitude:@/tmp/.ICE-unix/4210,unix/latitude:/tmp/.ICE-unix/4210' from launcher.
kdeinit5: Got SETENV 'SESSION_MANAGER=local/latitude:@/tmp/.ICE-unix/4210,unix/latitude:/tmp/.ICE-unix/4210' from launcher.
org.kde.plasma.session: Starting autostart service  "/etc/xdg/autostart/xembedsniproxy.desktop" ("/usr/bin/xembedsniproxy")
Initializing  "/usr/lib/x86_64-linux-gnu/qt5/plugins/plasma/kcms/systemsettings/kcm_touchpad.so"
org.kde.plasma.session: Starting autostart service  "/etc/xdg/autostart/org.kde.plasmashell.desktop" ("/usr/bin/plasmashell")
Initializing  "/usr/lib/x86_64-linux-gnu/qt5/plugins/plasma/kcms/systemsettings/kcm_kgamma.so"
org.kde.plasma.session: Starting autostart service  "/etc/xdg/autostart/kaccess.desktop" ("/usr/bin/kaccess")
org.kde.plasma.session: Starting autostart service  "/etc/xdg/autostart/pam_kwallet_init.desktop" ("/usr/share/libpam-kwallet-common/pam_kwallet_init")
org.kde.plasma.session: Starting autostart service  "/etc/xdg/autostart/powerdevil.desktop" ("/usr/lib/x86_64-linux-gnu/libexec/org_kde_powerdevil")
org.kde.plasma.session: Starting autostart service  "/etc/xdg/autostart/polkit-kde-authentication-agent-1.desktop" ("/usr/lib/x86_64-linux-gnu/libexec/polkit-kde-authentication-agent-1")
Xlib XKB extension major= 1  minor= 0
org.kde.plasma.session: Starting autostart service  "/etc/xdg/autostart/baloo_file.desktop" ("/usr/lib/x86_64-linux-gnu/libexec/baloo_file")
org.kde.plasma.session: Starting autostart service  "/etc/xdg/autostart/org.kde.discover.notifier.desktop" ("/usr/lib/x86_64-linux-gnu/libexec/DiscoverNotifier")
org.kde.plasma.session: Starting autostart service  "/etc/xdg/autostart/pulseaudio.desktop" ("/usr/bin/start-pulseaudio-x11")
org.kde.plasma.session: Starting autostart service  "/etc/xdg/autostart/org.kde.kdeconnect.daemon.desktop" ("/usr/lib/x86_64-linux-gnu/libexec/kdeconnectd")
org.kde.plasma.session: Starting autostart service  "/etc/xdg/autostart/gmenudbusmenuproxy.desktop" ("/usr/bin/gmenudbusmenuproxy")
org.kde.plasma.session: Starting autostart service  "/etc/xdg/autostart/xdg-user-dirs.desktop" ("/usr/bin/xdg-user-dirs-update")
org.kde.plasma.session: Starting autostart service  "/etc/xdg/autostart/kup-daemon.desktop" ("/usr/bin/kup-daemon")
org.kde.plasma.session: failed to parse "/home/oslander/.config/autostart/conky.desktop" for autostart
org.kde.plasma.session: failed to parse "/home/oslander/.config/autostart/gebaard.desktop" for autostart
org.kde.plasma.session: Starting autostart service  "/etc/xdg/autostart/at-spi-dbus-bus.desktop" ("/usr/libexec/at-spi-bus-launcher", "--launch-immediately")
org.kde.plasma.session: Starting autostart service  "/etc/xdg/autostart/geoclue-demo-agent.desktop" ("/usr/libexec/geoclue-2.0/demos/agent")
org.kde.plasma.session: Starting autostart service  "/etc/xdg/autostart/org.kde.korgac.desktop" ("/usr/bin/korgac")
org.kde.plasma.session: Starting autostart service  "/etc/xdg/autostart/im-launch.desktop" ("/usr/bin/sh", "-c", "if [ \"x$XDG_SESSION_TYPE\" = \"xwayland\" ] ; then exec env IM_CONFIG_CHECK_ENV=1 im-launch true; fi")
X server XKB extension major= 1  minor= 0
xsettingsd: Loaded 0 settings from /home/oslander/.config/xsettingsd/xsettingsd.conf
xsettingsd: Created window 0x1400001 on screen 0 with timestamp 115072
xsettingsd: Selection _XSETTINGS_S0 is owned by 0x0
xsettingsd: Took ownership of selection _XSETTINGS_S0
org.kde.plasma.session: failed to parse "/home/oslander/.config/autostart/conky2.desktop" for autostart
org.kde.plasma.session: Starting autostart service  "/home/oslander/.config/autostart/org.kde.yakuake.desktop" ("/usr/bin/yakuake")
xsettingsd: Reloading configuration
xsettingsd: Loaded 11 settings from /home/oslander/.config/xsettingsd/xsettingsd.conf
xsettingsd: Reloading configuration
xsettingsd: Loaded 11 settings from /home/oslander/.config/xsettingsd/xsettingsd.conf
xsettingsd: Reloading configuration
xsettingsd: Loaded 0 settings from /home/oslander/.config/xsettingsd/xsettingsd.conf
kup.daemon: "Kup is not enabled, enable it from the system settings module. You can do that by running kcmshell5 kup"
org.kde.bismuth: onCurrentSurfaceChanged,[object Object]
org.kde.bismuth: arrange
org.kde.bismuth: arrangeScreen/finished,[object Object]
xsettingsd: Reloading configuration
xsettingsd: Loaded 0 settings from /home/oslander/.config/xsettingsd/xsettingsd.conf
New PolkitAgentListener  0x561e049efce0
Adding new listener  PolkitQt1::Agent::Listener(0x561e049f1c40) for  0x561e049efce0
Listener online
Authentication agent result: true
xsettingsd: Reloading configuration
xsettingsd: Loaded 11 settings from /home/oslander/.config/xsettingsd/xsettingsd.conf
xsettingsd: Reloading configuration
xsettingsd: Loaded 0 settings from /home/oslander/.config/xsettingsd/xsettingsd.conf
xsettingsd: Reloading configuration
xsettingsd: Loaded 11 settings from /home/oslander/.config/xsettingsd/xsettingsd.conf
kf.notifications: env says KDE is running but SNI unavailable -- check KDE_FULL_SESSION and XDG_CURRENT_DESKTOP
org.kde.powerdevil: org.kde.powerdevil.chargethresholdhelper.getthreshold failed "Charge thresholds not supported"
kf.notifications: env says KDE is running but SNI unavailable -- check KDE_FULL_SESSION and XDG_CURRENT_DESKTOP
xsettingsd: Reloading configuration
xsettingsd: Loaded 11 settings from /home/oslander/.config/xsettingsd/xsettingsd.conf
xsettingsd: Reloading configuration
xsettingsd: Loaded 11 settings from /home/oslander/.config/xsettingsd/xsettingsd.conf
kf.notifications: env says KDE is running but SNI unavailable -- check KDE_FULL_SESSION and XDG_CURRENT_DESKTOP
Installing the delayed initialization callback.
org.kde.powerdevil: Handle button events action could not check for screen configuration
org.kde.powerdevil: org.kde.powerdevil.chargethresholdhelper.getthreshold failed "Charge thresholds not supported"
kf.plasma.quick: Applet preload policy set to 1
Delayed initialization.
Reloading the khotkeys configuration
Version 2 File!
true
Imported file "/usr/share/khotkeys/defaults.khotkeys"
Imported file "/usr/share/khotkeys/kde32b1.khotkeys"
Imported file "/usr/share/khotkeys/konqueror_gestures_kde321.khotkeys"
Imported file "/usr/share/khotkeys/konsole.khotkeys"
Registering ":1.35/StatusNotifierItem" to system tray
Registering ":1.30/StatusNotifierItem" to system tray
Registering ":1.36/StatusNotifierItem" to system tray
org.kde.bismuth: onWindowChanged,[object Object]
org.kde.bismuth: arrange
org.kde.bismuth: arrangeScreen/finished,[object Object]
qml: PlasmaExtras.ScrollArea is deprecated. Use PlasmaComponents3.ScrollView instead.
qt.qpa.wayland: Wayland does not support QWindow::requestActivate()
Plasma Shell startup completed
org.kde.bismuth: [Controller#onWindowRemoved] Window removed: Window(KWin(0.ksplashqml))
org.kde.bismuth: arrange
org.kde.bismuth: arrangeScreen/finished,[object Object]
org.kde.bismuth: Client added: KWin::XdgToplevelClient(0x55bad4ce2120)
org.kde.bismuth: onWindowAdded,[object Object]
org.kde.bismuth: arrange
org.kde.bismuth: arrangeScreen/finished,[object Object]
org.kde.bismuth: Window becomes unmanaged and gets removed :( The client was KWin::XdgToplevelClient(0x55bad4ce2120)
qt.qpa.wayland: Wayland does not support QWindow::requestActivate()
file:///usr/share/plasma/plasmoids/org.kde.plasma.panelspacer/contents/ui/main.qml:39:5: Unable to assign [undefined] to QQuickGridLayout*
file:///usr/share/plasma/plasmoids/org.kde.panel/contents/ui/main.qml:18:1: QML DropArea (parent or ancestor of QQuickLayoutAttached): Binding loop detected for property "minimumWidth"
qt.qpa.wayland: Wayland does not support QWindow::requestActivate()
qt.qpa.wayland: Wayland does not support QWindow::requestActivate()
qt.qpa.wayland: Wayland does not support QWindow::requestActivate()
Entry is not valid "org.kde.kontact.desktop" QSharedPointer(0x560a0a7aa6e0)
Entry is not valid "ktp-contactlist.desktop" QSharedPointer(0x560a0a743e80)
Entry is not valid "org.kde.kontact.desktop" QSharedPointer(0x560a0a7aa050)
Entry is not valid "ktp-contactlist.desktop" QSharedPointer(0x560a0a743b80)
qml: PlasmaExtras.ScrollArea is deprecated. Use PlasmaComponents3.ScrollView instead.
qml: PlasmaExtras.ScrollArea is deprecated. Use PlasmaComponents3.ScrollView instead.
qml: PlasmaExtras.ScrollArea is deprecated. Use PlasmaComponents3.ScrollView instead.
qml: PlasmaExtras.ScrollArea is deprecated. Use PlasmaComponents3.ScrollView instead.
qml: PlasmaExtras.ScrollArea is deprecated. Use PlasmaComponents3.ScrollView instead.
qml: PlasmaExtras.ScrollArea is deprecated. Use PlasmaComponents3.ScrollView instead.
file:///usr/share/plasma/plasmoids/org.kde.panel/contents/ui/main.qml:18:1: QML DropArea (parent or ancestor of QQuickLayoutAttached): Binding loop detected for property "minimumHeight"
qt.qpa.wayland: Wayland does not support QWindow::requestActivate()
Cyclic dependency detected between "file:///usr/share/plasma/plasmoids/org.kde.plasma.notifications/contents/ui/global/Globals.qml" and "file:///usr/share/plasma/plasmoids/org.kde.plasma.notifications/contents/ui/NotificationHeader.qml"
libkcups: Create-Printer-Subscriptions last error: 0 successful-ok
libkcups: CUPS-Get-Printers last error: 0 successful-ok
libkcups: Cancel-Subscription last error: 0 successful-ok
libkcups: Create-Printer-Subscriptions last error: 0 successful-ok
libkcups: Get-Jobs last error: 0 successful-ok
libkcups: Get-Jobs last error: 0 successful-ok
Registering "org.kde.StatusNotifierHost-4255" as system tray
file:///usr/share/plasma/plasmoids/org.kde.plasma.private.systemtray/contents/ui/ExpandedRepresentation.qml:165:9: QML HiddenItemsView: Binding loop detected for property "implicitHeight"
libkcups: 3 "HP_LaserJet_Pro_M148dw_02F9C1"
libkcups: 0
libkcups: 0
qt.qpa.wayland: Wayland does not support QWindow::requestActivate()
qt.qpa.wayland: Wayland does not support QWindow::requestActivate()
org.kde.bismuth: Client added: KWin::XdgToplevelClient(0x55bad4cf4c60)
org.kde.bismuth: onWindowAdded,[object Object]
org.kde.bismuth: arrange
org.kde.bismuth: arrangeScreen/finished,[object Object]
org.kde.bismuth: Window becomes unmanaged and gets removed :( The client was KWin::XdgToplevelClient(0x55bad4cf4c60)
org.kde.bismuth: Client added: KWin::XdgToplevelClient(0x55bad4c75b60)
org.kde.bismuth: onWindowAdded,[object Object]
org.kde.bismuth: arrange
org.kde.bismuth: arrangeScreen/finished,[object Object]
org.kde.bismuth: Window becomes unmanaged and gets removed :( The client was KWin::XdgToplevelClient(0x55bad4c75b60)
file:///usr/lib/x86_64-linux-gnu/qt5/qml/org/kde/plasma/extras/PlaceholderMessage.qml:238:5: QML Heading: Binding loop detected for property "verticalAlignment"
kf5idletime_kwayland: This plugin does not support polling idle time
file:///usr/lib/x86_64-linux-gnu/qt5/qml/org/kde/plasma/extras/PlaceholderMessage.qml:238:5: QML Heading: Binding loop detected for property "verticalAlignment"
file:///usr/lib/x86_64-linux-gnu/qt5/qml/org/kde/plasma/extras/PlaceholderMessage.qml:238:5: QML Heading: Binding loop detected for property "verticalAlignment"
file:///usr/lib/x86_64-linux-gnu/qt5/qml/org/kde/plasma/extras/PlaceholderMessage.qml:238:5: QML Heading: Binding loop detected for property "verticalAlignment"
qml: PlasmaExtras.ScrollArea is deprecated. Use PlasmaComponents3.ScrollView instead.
file:///usr/share/plasma/plasmoids/org.kde.plasma.printmanager/contents/ui/PrinterItem.qml:22:5: Unable to assign [undefined] to bool
file:///usr/lib/x86_64-linux-gnu/qt5/qml/org/kde/plasma/extras/PlaceholderMessage.qml:238:5: QML Heading: Binding loop detected for property "verticalAlignment"
file:///usr/lib/x86_64-linux-gnu/qt5/qml/org/kde/plasma/extras/PlaceholderMessage.qml:238:5: QML Heading: Binding loop detected for property "verticalAlignment"
file:///usr/lib/x86_64-linux-gnu/qt5/qml/org/kde/plasma/extras/PlaceholderMessage.qml:238:5: QML Heading: Binding loop detected for property "verticalAlignment"
file:///usr/lib/x86_64-linux-gnu/qt5/qml/org/kde/plasma/extras/PlaceholderMessage.qml:238:5: QML Heading: Binding loop detected for property "verticalAlignment"
file:///usr/lib/x86_64-linux-gnu/qt5/qml/org/kde/plasma/extras/PlaceholderMessage.qml:238:5: QML Heading: Binding loop detected for property "verticalAlignment"
file:///usr/lib/x86_64-linux-gnu/qt5/qml/org/kde/plasma/extras/PlaceholderMessage.qml:238:5: QML Heading: Binding loop detected for property "verticalAlignment"
qml: PlasmaExtras.ScrollArea is deprecated. Use PlasmaComponents3.ScrollView instead.
Could not find the Plasmoid for Plasma::FrameSvgItem(0x560a1298fdf0) QQmlContext(0x560a0ac954a0) QUrl("file:///usr/share/plasma/plasmoids/org.kde.plasma.notifications/contents/ui/global/Globals.qml")
Could not find the Plasmoid for Plasma::FrameSvgItem(0x560a1298fdf0) QQmlContext(0x560a0ac954a0) QUrl("file:///usr/share/plasma/plasmoids/org.kde.plasma.notifications/contents/ui/global/Globals.qml")
Could not find the Plasmoid for Plasma::FrameSvgItem(0x560a12d30980) QQmlContext(0x560a0ac954a0) QUrl("file:///usr/share/plasma/plasmoids/org.kde.plasma.notifications/contents/ui/global/Globals.qml")
Could not find the Plasmoid for Plasma::FrameSvgItem(0x560a12d30980) QQmlContext(0x560a0ac954a0) QUrl("file:///usr/share/plasma/plasmoids/org.kde.plasma.notifications/contents/ui/global/Globals.qml")
org.kde.bismuth: Client added: KWin::XdgToplevelClient(0x55bad4a08140)
org.kde.bismuth: onWindowAdded,[object Object]
org.kde.bismuth: arrange
org.kde.bismuth: arrangeScreen/finished,[object Object]
org.kde.bismuth: Window becomes unmanaged and gets removed :( The client was KWin::XdgToplevelClient(0x55bad4a08140)
org.kde.bismuth: Client added: KWin::XdgToplevelClient(0x55bad4a2b1c0)
org.kde.bismuth: onWindowAdded,[object Object]
org.kde.bismuth: arrange
org.kde.bismuth: arrangeScreen/finished,[object Object]
org.kde.bismuth: Window becomes unmanaged and gets removed :( The client was KWin::XdgToplevelClient(0x55bad4a2b1c0)
qt.qpa.wayland: Wayland does not support QWindow::requestActivate()
org.kde.bismuth: Client added: KWin::LayerShellV1Client(0x55bad48138a0)
org.kde.bismuth: onWindowAdded,[object Object]
org.kde.bismuth: arrange
org.kde.bismuth: arrangeScreen/finished,[object Object]
org.kde.bismuth: Client is ok, can manage. Bind events now...
qt.qpa.wayland: Wayland does not support QWindow::requestActivate()
file:///usr/share/plasma/look-and-feel/org.kde.breeze.desktop/contents/components/UserList.qml:42:9: Unable to assign [undefined] to bool
